Build started 29-05-2019 08:07:57 PM.
     1>Project "C:\Users\psrab\Documents\Visual Studio 2013\Projects\SummerCourseDay3\SummerCourseDay3.vcxproj" on node 2 (Build target(s)).
     1>ClCompile:
         C:\Program Files (x86)\Microsoft Visual Studio 12.0\VC\bin\CL.exe /c /ZI /nologo /W3 /WX- /sdl /Od /Oy- /D _MBCS /Gm /EHsc /RTC1 /MDd /GS /fp:precise /Zc:wchar_t /Zc:forScope /Fo"Debug\\" /Fd"Debug\vc120.pdb" /Gd /TP /analyze- /errorReport:prompt Source.cpp
         Source.cpp
     1>c:\users\psrab\documents\visual studio 2013\projects\summercourseday3\source.cpp(65): warning C4101: 'res' : unreferenced local variable
     1>c:\users\psrab\documents\visual studio 2013\projects\summercourseday3\source.cpp(161): warning C4101: 'res' : unreferenced local variable
     1>c:\users\psrab\documents\visual studio 2013\projects\summercourseday3\source.cpp(306): warning C4237: 'export' keyword is not yet supported, but reserved for future use
     1>c:\users\psrab\documents\visual studio 2013\projects\summercourseday3\source.cpp(510): warning C4237: 'export' keyword is not yet supported, but reserved for future use
     1>c:\users\psrab\documents\visual studio 2013\projects\summercourseday3\source.cpp(512): warning C4237: 'export' keyword is not yet supported, but reserved for future use
     1>c:\users\psrab\documents\visual studio 2013\projects\summercourseday3\source.cpp(528): warning C4237: 'export' keyword is not yet supported, but reserved for future use
     1>c:\users\psrab\documents\visual studio 2013\projects\summercourseday3\source.cpp(544): warning C4237: 'export' keyword is not yet supported, but reserved for future use
     1>c:\users\psrab\documents\visual studio 2013\projects\summercourseday3\source.cpp(52): warning C4715: 'applyOp' : not all control paths return a value
       Link:
         C:\Program Files (x86)\Microsoft Visual Studio 12.0\VC\bin\link.exe /ERRORREPORT:PROMPT /OUT:"C:\Users\psrab\Documents\Visual Studio 2013\Projects\SummerCourseDay3\Debug\SummerCourseDay3.exe" /INCREMENTAL /NOLOGO kernel32.lib user32.lib gdi32.lib winspool.lib comdlg32.lib advapi32.lib shell32.lib ole32.lib oleaut32.lib uuid.lib odbc32.lib odbccp32.lib /MANIFEST /MANIFESTUAC:"level='asInvoker' uiAccess='false'" /manifest:embed /DEBUG /PDB:"C:\Users\psrab\Documents\Visual Studio 2013\Projects\SummerCourseDay3\Debug\SummerCourseDay3.pdb" /TLBID:1 /DYNAMICBASE /NXCOMPAT /IMPLIB:"C:\Users\psrab\Documents\Visual Studio 2013\Projects\SummerCourseDay3\Debug\SummerCourseDay3.lib" /MACHINE:X86 "Debug\day1-final.obj"
         Debug\level1.obj
         Debug\Source.obj
         SummerCourseDay3.vcxproj -> C:\Users\psrab\Documents\Visual Studio 2013\Projects\SummerCourseDay3\Debug\SummerCourseDay3.exe
     1>Done Building Project "C:\Users\psrab\Documents\Visual Studio 2013\Projects\SummerCourseDay3\SummerCourseDay3.vcxproj" (Build target(s)).

Build succeeded.

Time Elapsed 00:00:01.57
