Build started 31-05-2019 07:28:33 PM.
     1>Project "C:\Users\psrab\Documents\Visual Studio 2013\Projects\Day6\Day6.vcxproj" on node 2 (Build target(s)).
     1>ClCompile:
         C:\Program Files (x86)\Microsoft Visual Studio 12.0\VC\bin\CL.exe /c /ZI /nologo /W3 /WX- /sdl /Od /Oy- /D _MBCS /Gm /EHsc /RTC1 /MDd /GS /fp:precise /Zc:wchar_t /Zc:forScope /Fo"Debug\\" /Fd"Debug\vc120.pdb" /Gd /TP /analyze- /errorReport:prompt file_utils.cpp
         file_utils.cpp
     1>c:\users\psrab\documents\visual studio 2013\projects\day6\file_utils.cpp(133): warning C4101: 'size' : unreferenced local variable
     1>c:\users\psrab\documents\visual studio 2013\projects\day6\file_utils.cpp(133): warning C4101: 'j' : unreferenced local variable
     1>c:\users\psrab\documents\visual studio 2013\projects\day6\file_utils.cpp(170): warning C4101: 'size' : unreferenced local variable
     1>c:\users\psrab\documents\visual studio 2013\projects\day6\file_utils.cpp(170): warning C4101: 'start' : unreferenced local variable
     1>c:\users\psrab\documents\visual studio 2013\projects\day6\file_utils.cpp(170): warning C4101: 'blocks' : unreferenced local variable
     1>c:\users\psrab\documents\visual studio 2013\projects\day6\file_utils.cpp(170): warning C4101: 'j' : unreferenced local variable
       Link:
         C:\Program Files (x86)\Microsoft Visual Studio 12.0\VC\bin\link.exe /ERRORREPORT:PROMPT /OUT:"C:\Users\psrab\Documents\Visual Studio 2013\Projects\Day6\Debug\Day6.exe" /INCREMENTAL /NOLOGO kernel32.lib user32.lib gdi32.lib winspool.lib comdlg32.lib advapi32.lib shell32.lib ole32.lib oleaut32.lib uuid.lib odbc32.lib odbccp32.lib /MANIFEST /MANIFESTUAC:"level='asInvoker' uiAccess='false'" /manifest:embed /DEBUG /PDB:"C:\Users\psrab\Documents\Visual Studio 2013\Projects\Day6\Debug\Day6.pdb" /TLBID:1 /DYNAMICBASE /NXCOMPAT /IMPLIB:"C:\Users\psrab\Documents\Visual Studio 2013\Projects\Day6\Debug\Day6.lib" /MACHINE:X86 Debug\disk_io.obj
         Debug\file_utils.obj
         Debug\input.obj
         Debug\Source.obj
         Day6.vcxproj -> C:\Users\psrab\Documents\Visual Studio 2013\Projects\Day6\Debug\Day6.exe
     1>Done Building Project "C:\Users\psrab\Documents\Visual Studio 2013\Projects\Day6\Day6.vcxproj" (Build target(s)).

Build succeeded.

Time Elapsed 00:00:00.58
